Using pre-set license
Built from '2020.2/staging' branch; Version is '2020.2.5f1 (e2c53f129de5) revision 14861631'; Using compiler version '192528614'; Build Type 'Release'
OS: 'Windows 10 Pro; OS build 19042.804; Version 2009; 64bit' Language: 'en' Physical Memory: 16253 MB
BatchMode: 1, IsHumanControllingUs: 0, StartBugReporterOnCrash: 0, Is64bit: 1, IsPro: 0

 COMMAND LINE ARGUMENTS:
E:\Development\UNITY\_Engines\2020.2.5f1\Editor\Unity.exe
-adb2
-batchMode
-noUpm
-name
AssetImportWorker0
-projectPath
D:/Development/_UTILITIES/UNITY PACKAGE MANAGER/UniGif
-logFile
Logs/AssetImportWorker0.log
-srvPort
59726
Successfully changed project path to: D:/Development/_UTILITIES/UNITY PACKAGE MANAGER/UniGif
D:/Development/_UTILITIES/UNITY PACKAGE MANAGER/UniGif
Using Asset Import Pipeline V2.
Refreshing native plugins compatible for Editor in 28.21 ms, found 0 plugins.
Preloading 0 native plugins for Editor in 0.00 ms.
Initialize engine version: 2020.2.5f1 (e2c53f129de5)
[Subsystems] Discovering subsystems at path E:/Development/UNITY/_Engines/2020.2.5f1/Editor/Data/Resources/UnitySubsystems
[Subsystems] Discovering subsystems at path D:/Development/_UTILITIES/UNITY PACKAGE MANAGER/UniGif/Assets
GfxDevice: creating device client; threaded=0
Direct3D:
    Version:  Direct3D 11.0 [level 11.1]
    Renderer: NVIDIA GeForce GTX 1070 (ID=0x1be1)
    Vendor:   
    VRAM:     8082 MB
    Driver:   27.21.14.6109
Initialize mono
Mono path[0] = 'E:/Development/UNITY/_Engines/2020.2.5f1/Editor/Data/Managed'
Mono path[1] = 'E:/Development/UNITY/_Engines/2020.2.5f1/Editor/Data/MonoBleedingEdge/lib/mono/unityjit'
Mono config path = 'E:/Development/UNITY/_Engines/2020.2.5f1/Editor/Data/MonoBleedingEdge/etc'
Using monoOptions --debugger-agent=transport=dt_socket,embedding=1,server=y,suspend=n,address=127.0.0.1:56516
Begin MonoManager ReloadAssembly
Registering precompiled unity dll's ...
Register platform support module: E:/Development/UNITY/_Engines/2020.2.5f1/Editor/Data/PlaybackEngines/WebGLSupport/UnityEditor.WebGL.Extensions.dll
Register platform support module: E:/Development/UNITY/_Engines/2020.2.5f1/Editor/Data/PlaybackEngines/WindowsStandaloneSupport/UnityEditor.WindowsStandalone.Extensions.dll
Registered in 0.002165 seconds.
Native extension for WindowsStandalone target not found
Native extension for WebGL target not found
Refreshing native plugins compatible for Editor in 25.01 ms, found 0 plugins.
Preloading 0 native plugins for Editor in 0.00 ms.
Invoked RoslynAnalysisRunner static constructor.
RoslynAnalysisRunner will not be running.
RoslynAnalysisRunner has terminated.
Mono: successfully reloaded assembly
- Completed reload, in  3.932 seconds
Platform modules already initialized, skipping
Registering precompiled user dll's ...
Registered in 0.001020 seconds.
Begin MonoManager ReloadAssembly
Native extension for WindowsStandalone target not found
Native extension for WebGL target not found
Refreshing native plugins compatible for Editor in 0.19 ms, found 0 plugins.
Preloading 0 native plugins for Editor in 0.00 ms.
Invoked RoslynAnalysisRunner static constructor.
RoslynAnalysisRunner will not be running.
RoslynAnalysisRunner has terminated.
Mono: successfully reloaded assembly
- Completed reload, in  1.129 seconds
Platform modules already initialized, skipping
========================================================================
Worker process is ready to serve import requests
Launched and connected shader compiler UnityShaderCompiler.exe after 0.08 seconds
Refreshing native plugins compatible for Editor in 0.41 ms, found 0 plugins.
Preloading 0 native plugins for Editor in 0.00 ms.
Unloading 1111 Unused Serialized files (Serialized files now loaded: 0)
System memory in use before: 56.8 MB.
System memory in use after: 56.9 MB.

Unloading 10 unused Assets to reduce memory usage. Loaded Objects now: 1552.
Total: 2.283200 ms (FindLiveObjects: 0.180400 ms CreateObjectMapping: 0.039200 ms MarkObjects: 1.922500 ms  DeleteObjects: 0.139400 ms)

========================================================================
Received Import Request.
  path: Assets/Loading
  artifactKey: Guid(edbb6b610f5f4dc4b944d68fc5629aba) Importer(815301076,1909f56bfc062723c751e8b465ee728b)
Start importing Assets/Loading using Guid(edbb6b610f5f4dc4b944d68fc5629aba) Importer(815301076,1909f56bfc062723c751e8b465ee728b)  -> (artifact id: 'e038713f0ade45271e4fefd314b5433d') in 0.009389 seconds
  Import took 0.012740 seconds .

========================================================================
Received Import Request.
  Time since last request: 1.607263 seconds.
  path: Assets/Loading/Spinner-1.2s-800px.gif
  artifactKey: Guid(e092dca3c62236940a31258996547e51) Importer(815301076,1909f56bfc062723c751e8b465ee728b)
Start importing Assets/Loading/Spinner-1.2s-800px.gif using Guid(e092dca3c62236940a31258996547e51) Importer(815301076,1909f56bfc062723c751e8b465ee728b)  -> (artifact id: 'e8777c10b02bc8db0c2c733f095fbe42') in 0.089751 seconds
  Import took 0.095055 seconds .

========================================================================
Received Import Request.
  Time since last request: 87.084690 seconds.
  path: Assets/Code
  artifactKey: Guid(02fd3df421ddba64383bfa2fd19d7124) Importer(815301076,1909f56bfc062723c751e8b465ee728b)
Start importing Assets/Code using Guid(02fd3df421ddba64383bfa2fd19d7124) Importer(815301076,1909f56bfc062723c751e8b465ee728b)  -> (artifact id: '7a44f0a8c18ad90e2243fb01c5dc4dea') in 0.006352 seconds
  Import took 0.008300 seconds .

========================================================================
Received Import Request.
  Time since last request: 4.922367 seconds.
  path: Assets/Scenes
  artifactKey: Guid(65c4666d307a11f40ad0a1883a3acd7d) Importer(815301076,1909f56bfc062723c751e8b465ee728b)
Start importing Assets/Scenes using Guid(65c4666d307a11f40ad0a1883a3acd7d) Importer(815301076,1909f56bfc062723c751e8b465ee728b)  -> (artifact id: '9436bcc2c7c8f3d86b3f472a7317881e') in 0.006790 seconds
  Import took 0.010479 seconds .

========================================================================
Received Import Request.
  Time since last request: 4.525238 seconds.
  path: Assets/Code/Gallery
  artifactKey: Guid(c41320a8b54852c4e9c537bce1bb1a31) Importer(815301076,1909f56bfc062723c751e8b465ee728b)
Start importing Assets/Code/Gallery using Guid(c41320a8b54852c4e9c537bce1bb1a31) Importer(815301076,1909f56bfc062723c751e8b465ee728b)  -> (artifact id: 'af9ddb3cb0d7339babdc3a1aa6451ea9') in 0.008270 seconds
  Import took 0.010203 seconds .

========================================================================
Received Import Request.
  Time since last request: 0.920819 seconds.
  path: Assets/Code/Gallery/FocusView.cs
  artifactKey: Guid(0e861c140de015348b0fba082987f2fe) Importer(815301076,1909f56bfc062723c751e8b465ee728b)
Start importing Assets/Code/Gallery/FocusView.cs using Guid(0e861c140de015348b0fba082987f2fe) Importer(815301076,1909f56bfc062723c751e8b465ee728b)  -> (artifact id: '940c019b31482baf8fbb186a608350ef') in 0.011605 seconds
  Import took 0.014022 seconds .

========================================================================
Received Import Request.
  Time since last request: 0.029685 seconds.
  path: Assets/Code/Gallery/FocusView.cs
  artifactKey: Guid(0e861c140de015348b0fba082987f2fe) Importer(815301076,1909f56bfc062723c751e8b465ee728b)
Start importing Assets/Code/Gallery/FocusView.cs using Guid(0e861c140de015348b0fba082987f2fe) Importer(815301076,1909f56bfc062723c751e8b465ee728b)  -> (artifact id: '940c019b31482baf8fbb186a608350ef') in 0.005878 seconds
  Import took 0.008590 seconds .

========================================================================
Received Import Request.
  Time since last request: 36.516476 seconds.
  path: Assets/Code/Gallery/Gallery.cs
  artifactKey: Guid(9553f60f95843074a803c5fec9550460) Importer(815301076,1909f56bfc062723c751e8b465ee728b)
Start importing Assets/Code/Gallery/Gallery.cs using Guid(9553f60f95843074a803c5fec9550460) Importer(815301076,1909f56bfc062723c751e8b465ee728b)  -> (artifact id: '1be5b4d17abebc1a9fe8adbb5ff56e5e') in 0.005571 seconds
  Import took 0.010260 seconds .

========================================================================
Received Import Request.
  Time since last request: 0.403885 seconds.
  path: Assets/Code/Gallery/Sharable.cs
  artifactKey: Guid(f9a76aa922bf93f41a3faef8f39852cc) Importer(815301076,1909f56bfc062723c751e8b465ee728b)
Start importing Assets/Code/Gallery/Sharable.cs using Guid(f9a76aa922bf93f41a3faef8f39852cc) Importer(815301076,1909f56bfc062723c751e8b465ee728b)  -> (artifact id: '1c9e8557f3ce08d70c1e93829ee16066') in 0.006450 seconds
  Import took 0.008494 seconds .

========================================================================
Received Import Request.
  Time since last request: 0.000380 seconds.
  path: Assets/Code/Gallery/Sharable.cs
  artifactKey: Guid(f9a76aa922bf93f41a3faef8f39852cc) Importer(815301076,1909f56bfc062723c751e8b465ee728b)
Start importing Assets/Code/Gallery/Sharable.cs using Guid(f9a76aa922bf93f41a3faef8f39852cc) Importer(815301076,1909f56bfc062723c751e8b465ee728b)  -> (artifact id: '1c9e8557f3ce08d70c1e93829ee16066') in 0.006706 seconds
  Import took 0.009634 seconds .

========================================================================
Received Import Request.
  Time since last request: 23.010674 seconds.
  path: Assets/Code/Gallery/FocusView.cs
  artifactKey: Guid(0e861c140de015348b0fba082987f2fe) Importer(815301076,1909f56bfc062723c751e8b465ee728b)
Start importing Assets/Code/Gallery/FocusView.cs using Guid(0e861c140de015348b0fba082987f2fe) Importer(815301076,1909f56bfc062723c751e8b465ee728b)  -> (artifact id: '7934f333e103c6c2a402303c06b15a71') in 0.006740 seconds
  Import took 0.008970 seconds .

========================================================================
Received Import Request.
  Time since last request: 0.000726 seconds.
  path: Assets/Code/Gallery/FocusView.cs
  artifactKey: Guid(0e861c140de015348b0fba082987f2fe) Importer(815301076,1909f56bfc062723c751e8b465ee728b)
Start importing Assets/Code/Gallery/FocusView.cs using Guid(0e861c140de015348b0fba082987f2fe) Importer(815301076,1909f56bfc062723c751e8b465ee728b)  -> (artifact id: '7934f333e103c6c2a402303c06b15a71') in 0.006629 seconds
  Import took 0.009021 seconds .

========================================================================
Received Prepare
Registering precompiled user dll's ...
Registered in 0.000931 seconds.
Begin MonoManager ReloadAssembly
Native extension for WindowsStandalone target not found
Native extension for WebGL target not found
Refreshing native plugins compatible for Editor in 0.31 ms, found 0 plugins.
Preloading 0 native plugins for Editor in 0.00 ms.
Invoked RoslynAnalysisRunner static constructor.
RoslynAnalysisRunner will not be running.
RoslynAnalysisRunner has terminated.
Mono: successfully reloaded assembly
- Completed reload, in  1.155 seconds
Platform modules already initialized, skipping
Refreshing native plugins compatible for Editor in 0.24 ms, found 0 plugins.
Preloading 0 native plugins for Editor in 0.00 ms.
Unloading 1115 Unused Serialized files (Serialized files now loaded: 0)
System memory in use before: 57.1 MB.
System memory in use after: 57.1 MB.

Unloading 5 unused Assets to reduce memory usage. Loaded Objects now: 1565.
Total: 1.928600 ms (FindLiveObjects: 0.156400 ms CreateObjectMapping: 0.089000 ms MarkObjects: 1.589600 ms  DeleteObjects: 0.092200 ms)

AssetImportWorkerClient::OnTransportError - code=2 error=End of file
